<?xml version="1.0" encoding="UTF-8"?>
<!-- Generated by org.testng.reporters.JUnitReportReporter -->
<testsuite hostname="LAPTOP-S895OVKM" failures="0" tests="1" name="com.internetbanking.testscript.LoginTest" time="4.927" errors="0" timestamp="22 May 2021 05:40:29 GMT" skipped="0">
  <testcase classname="com.internetbanking.testscript.LoginTest" name="loginTest" time="4.927"/>
</testsuite> <!-- com.internetbanking.testscript.LoginTest -->
